#
# There is insufficient memory for the Java Runtime Environment to continue.
# Native memory allocation (mmap) failed to map 65011712 bytes for Failed to commit area from 0x00000000c2400000 to 0x00000000c6200000 of length 65011712.
# Possible reasons:
#   The system is out of physical RAM or swap space
#   The process is running with CompressedOops enabled, and the Java Heap may be blocking the growth of the native heap
# Possible solutions:
#   Reduce memory load on the system
#   Increase physical memory or swap space
#   Check if swap backing store is full
#   Decrease Java heap size (-Xmx/-Xms)
#   Decrease number of Java threads
#   Decrease Java thread stack sizes (-Xss)
#   Set larger code cache with -XX:ReservedCodeCacheSize=
#   JVM is running with Unscaled Compressed Oops mode in which the Java heap is
#     placed in the first 4GB address space. The Java Heap base address is the
#     maximum limit for the native heap growth. Please use -XX:HeapBaseMinAddress
#     to set the Java Heap base and to place the Java Heap above 4GB virtual address.
# This output file may be truncated or incomplete.
#
#  Out of Memory Error (./open/src/hotspot/os/windows/os_windows.cpp:3315), pid=4644, tid=9848
#
# JRE version:  (14.0.2+12) (build )
# Java VM: Java HotSpot(TM) 64-Bit Server VM (14.0.2+12-46, mixed mode, sharing, tiered, compressed oops, g1 gc, windows-amd64)
# No core dump will be written. Minidumps are not enabled by default on client versions of Windows
#

---------------  S U M M A R Y ------------

Command Line: -Dfile.encoding=UTF-8 Shop.Shop

Host: Intel(R) Core(TM) i5-8265U CPU @ 1.60GHz, 8 cores, 3G,  Windows 10 , 64 bit Build 18362 (10.0.18362.1110)
Time: Thu Dec 10 22:25:49 2020 SE Asia Standard Time elapsed time: 0 seconds (0d 0h 0m 0s)

---------------  T H R E A D  ---------------

Current thread (0x00000290c91bb000):  JavaThread "Unknown thread" [_thread_in_vm, id=9848, stack(0x000000d977100000,0x000000d977200000)]

Stack: [0x000000d977100000,0x000000d977200000]
Native frames: (J=compiled Java code, j=interpreted, Vv=VM code, C=native code)
V  [jvm.dll+0x5f8a9a]
V  [jvm.dll+0x74247a]
V  [jvm.dll+0x743c2f]
V  [jvm.dll+0x744273]
V  [jvm.dll+0x20d288]
V  [jvm.dll+0x5f5dea]
V  [jvm.dll+0x5eac45]
V  [jvm.dll+0x2c7e9c]
V  [jvm.dll+0x2c7cd2]
V  [jvm.dll+0x2cdbbc]
V  [jvm.dll+0x313fe8]
V  [jvm.dll+0x313710]
V  [jvm.dll+0x2a092a]
V  [jvm.dll+0x2a1a79]
V  [jvm.dll+0x71fd48]
V  [jvm.dll+0x321c14]
V  [jvm.dll+0x70112c]
V  [jvm.dll+0x392def]
V  [jvm.dll+0x394e61]
C  [jli.dll+0x524b]
C  [ucrtbase.dll+0x210b2]
C  [KERNEL32.DLL+0x17c24]
C  [ntdll.dll+0x6d4d1]


---------------  P R O C E S S  ---------------

Threads class SMR info:
_java_thread_list=0x00007ffed8c43038, length=0, elements={
}

Java Threads: ( => current thread )

Other Threads:
  0x00000290c91ed000 GCTaskThread "GC Thread#0" [stack: 0x000000d977200000,0x000000d977300000] [id=18800]
  0x00000290c91f6000 ConcurrentGCThread "G1 Main Marker" [stack: 0x000000d977300000,0x000000d977400000] [id=12892]
  0x00000290c91f8800 ConcurrentGCThread "G1 Conc#0" [stack: 0x000000d977400000,0x000000d977500000] [id=11216]

[error occurred during error reporting (printing all threads), id 0xc0000005, EXCEPTION_ACCESS_VIOLATION (0xc0000005) at pc=0x00007ffed8471257]

VM state:not at safepoint (not fully initialized)

VM Mutex/Monitor currently owned by a thread:  ([mutex/lock_event])
[0x00000290c91b85e0] Heap_lock - owner thread: 0x00000290c91bb000

Heap address: 0x00000000c2400000, size: 988 MB, Compressed Oops mode: 32-bit
Narrow klass base: 0x0000000000000000, Narrow klass shift: 0

GC Heap History (0 events):
No events

Deoptimization events (0 events):
No events

Classes unloaded (0 events):
No events

Classes redefined (0 events):
No events

Internal exceptions (0 events):
No events

Events (2 events):
Event: 0.005 Loaded shared library C:\Program Files\Java\jdk-14.0.2\bin\java.dll
Event: 0.006 Loaded shared library C:\Program Files\Java\jdk-14.0.2\bin\zip.dll


Dynamic libraries:
0x00007ff67d0e0000 - 0x00007ff67d0ef000 	C:\Program Files\Java\jdk-14.0.2\bin\javaw.exe
0x00007fff2a060000 - 0x00007fff2a250000 	C:\WINDOWS\SYSTEM32\ntdll.dll
0x00007fff29b90000 - 0x00007fff29c42000 	C:\WINDOWS\System32\KERNEL32.DLL
0x00007fff27190000 - 0x00007fff27435000 	C:\WINDOWS\System32\KERNELBASE.dll
0x00007fff26fe0000 - 0x00007fff270da000 	C:\WINDOWS\System32\ucrtbase.dll
0x00007fff114e0000 - 0x00007fff114f8000 	C:\Program Files\Java\jdk-14.0.2\bin\jli.dll
0x00007fff106f0000 - 0x00007fff10705000 	C:\Program Files\Java\jdk-14.0.2\bin\VCRUNTIME140.dll
0x00007fff28110000 - 0x00007fff281b3000 	C:\WINDOWS\System32\ADVAPI32.dll
0x00007fff29cd0000 - 0x00007fff29d6e000 	C:\WINDOWS\System32\msvcrt.dll
0x00007fff29ed0000 - 0x00007fff29f67000 	C:\WINDOWS\System32\sechost.dll
0x00007fff28f20000 - 0x00007fff29040000 	C:\WINDOWS\System32\RPCRT4.dll
0x00007fff29330000 - 0x00007fff294c4000 	C:\WINDOWS\System32\USER32.dll
0x00007fff27130000 - 0x00007fff27151000 	C:\WINDOWS\System32\win32u.dll
0x00007fff28c50000 - 0x00007fff28c76000 	C:\WINDOWS\System32\GDI32.dll
0x00007fff05600000 - 0x00007fff05884000 	C:\WINDOWS\WinSxS\amd64_microsoft.windows.common-controls_6595b64144ccf1df_6.0.18362.1198_none_9e820b57e45ad92f\COMCTL32.dll
0x00007fff27440000 - 0x00007fff275d6000 	C:\WINDOWS\System32\gdi32full.dll
0x00007fff28910000 - 0x00007fff28c45000 	C:\WINDOWS\System32\combase.dll
0x00007fff275e0000 - 0x00007fff2767e000 	C:\WINDOWS\System32\msvcp_win.dll
0x00007fff27680000 - 0x00007fff27700000 	C:\WINDOWS\System32\bcryptPrimitives.dll
0x00007fff21fd0000 - 0x00007fff21fda000 	C:\WINDOWS\SYSTEM32\VERSION.dll
0x00007fff29040000 - 0x00007fff2906e000 	C:\WINDOWS\System32\IMM32.DLL
0x00007fff10650000 - 0x00007fff106eb000 	C:\Program Files\Java\jdk-14.0.2\bin\msvcp140.dll
0x00007ffed81c0000 - 0x00007ffed8cde000 	C:\Program Files\Java\jdk-14.0.2\bin\server\jvm.dll
0x00007fff29c50000 - 0x00007fff29c58000 	C:\WINDOWS\System32\PSAPI.DLL
0x00007fff22d30000 - 0x00007fff22d39000 	C:\WINDOWS\SYSTEM32\WSOCK32.dll
0x00007fff22740000 - 0x00007fff22764000 	C:\WINDOWS\SYSTEM32\WINMM.dll
0x00007fff292c0000 - 0x00007fff2932f000 	C:\WINDOWS\System32\WS2_32.dll
0x00007fff21ff0000 - 0x00007fff2201d000 	C:\WINDOWS\SYSTEM32\winmmbase.dll
0x00007fff270e0000 - 0x00007fff2712a000 	C:\WINDOWS\System32\cfgmgr32.dll
0x00007fff26f20000 - 0x00007fff26f31000 	C:\WINDOWS\System32\kernel.appcore.dll
0x00007fff1f990000 - 0x00007fff1f99a000 	C:\Program Files\Java\jdk-14.0.2\bin\jimage.dll
0x00007fff256c0000 - 0x00007fff258b4000 	C:\WINDOWS\SYSTEM32\DBGHELP.DLL
0x00007fff1d380000 - 0x00007fff1d3aa000 	C:\WINDOWS\SYSTEM32\dbgcore.DLL
0x00007fff15700000 - 0x00007fff15725000 	C:\Program Files\Java\jdk-14.0.2\bin\java.dll
0x00007fff1cf80000 - 0x00007fff1cf96000 	C:\Program Files\Java\jdk-14.0.2\bin\zip.dll

dbghelp: loaded successfully - version: 4.0.5 - missing functions: none
symbol engine: initialized successfully - sym options: 0x614 - pdb path: .;C:\Program Files\Java\jdk-14.0.2\bin;C:\WINDOWS\SYSTEM32;C:\WINDOWS\WinSxS\amd64_microsoft.windows.common-controls_6595b64144ccf1df_6.0.18362.1198_none_9e820b57e45ad92f;C:\Program Files\Java\jdk-14.0.2\bin\server

VM Arguments:
jvm_args: -Dfile.encoding=UTF-8 
java_command: Shop.Shop
java_class_path (initial): C:\Users\ASUS\eclipse-workspace\App bán hàng\bin
Launcher Type: SUN_STANDARD

[Global flags]
     intx CICompilerCount                          = 4                                         {product} {ergonomic}
     uint ConcGCThreads                            = 2                                         {product} {ergonomic}
     uint G1ConcRefinementThreads                  = 8                                         {product} {ergonomic}
   size_t G1HeapRegionSize                         = 1048576                                   {product} {ergonomic}
    uintx GCDrainStackTargetSize                   = 64                                        {product} {ergonomic}
   size_t InitialHeapSize                          = 65011712                                  {product} {ergonomic}
   size_t MarkStackSize                            = 4194304                                   {product} {ergonomic}
   size_t MaxHeapSize                              = 1035993088                                {product} {ergonomic}
   size_t MinHeapDeltaBytes                        = 1048576                                   {product} {ergonomic}
   size_t MinHeapSize                              = 8388608                                   {product} {ergonomic}
    uintx NonNMethodCodeHeapSize                   = 5839372                                {pd product} {ergonomic}
    uintx NonProfiledCodeHeapSize                  = 122909434                              {pd product} {ergonomic}
    uintx ProfiledCodeHeapSize                     = 122909434                              {pd product} {ergonomic}
    uintx ReservedCodeCacheSize                    = 251658240                              {pd product} {ergonomic}
     bool SegmentedCodeCache                       = true                                      {product} {ergonomic}
   size_t SoftMaxHeapSize                          = 1035993088                             {manageable} {ergonomic}
     bool UseCompressedClassPointers               = true                                 {lp64_product} {ergonomic}
     bool UseCompressedOops                        = true                                 {lp64_product} {ergonomic}
     bool UseG1GC                                  = true                                      {product} {ergonomic}
     bool UseLargePagesIndividualAllocation        = false                                  {pd product} {ergonomic}

Logging:
Log output configuration:
 #0: stdout all=warning uptime,level,tags
 #1: stderr all=off uptime,level,tags

Environment Variables:
PATH=C:/Program Files/Java/jdk-14.0.2/bin/server;C:/Program Files/Java/jdk-14.0.2/bin;C:\WINDOWS\system32;C:\WINDOWS;C:\WINDOWS\System32\Wbem;C:\WINDOWS\System32\WindowsPowerShell\v1.0\;C:\WINDOWS\System32\OpenSSH\;C:\Program Files\Intel\WiFi\bin\;C:\Program Files\Common Files\Intel\WirelessCommon\;C:\Program Files\Microsoft SQL Server\110\Tools\Binn\;C:\Program Files (x86)\Microsoft SQL Server\110\Tools\Binn\;C:\Program Files\Microsoft SQL Server\110\DTS\Binn\;C:\Program Files (x86)\Microsoft SQL Server\110\Tools\Binn\ManagementStudio\;C:\Program Files (x86)\Microsoft Visual Studio 10.0\Common7\IDE\PrivateAssemblies\;C:\Program Files (x86)\Microsoft SQL Server\110\DTS\Binn\;C:\Users\ASUS\AppData\Local\Microsoft\WindowsApps;;C:\WINDOWS\System32;
USERNAME=ASUS
OS=Windows_NT
PROCESSOR_IDENTIFIER=Intel64 Family 6 Model 142 Stepping 11, GenuineIntel



---------------  S Y S T E M  ---------------

OS: Windows 10 , 64 bit Build 18362 (10.0.18362.1110)
OS uptime: 2 days 8:23 hours

CPU:total 8 (initial active 8) (4 cores per cpu, 2 threads per core) family 6 model 142 stepping 11, cmov, cx8, fxsr, mmx, sse, sse2, sse3, ssse3, sse4.1, sse4.2, popcnt, avx, avx2, aes, clmul, erms, 3dnowpref, lzcnt, ht, tsc, tscinvbit, bmi1, bmi2, adx, fma

Memory: 4k page, system-wide physical 3947M (407M free)
TotalPageFile size 8043M (AvailPageFile size 30M)
current process WorkingSet (physical memory assigned to process): 10M, peak: 10M
current process commit charge ("private bytes"): 60M, peak: 121M

vm_info: Java HotSpot(TM) 64-Bit Server VM (14.0.2+12-46) for windows-amd64 JRE (14.0.2+12-46), built on Jul  9 2020 00:35:52 by "mach5one" with MS VC++ 15.9 (VS2017)

END.
